# JRE version: OpenJDK Runtime Environment (17.0.6) (build 17.0.6+0-b2043.56-10027231)
# Java VM: OpenJDK 64-Bit Server VM (17.0.6+0-b2043.56-10027231, mixed mode, tiered, compressed oops, compressed class ptrs, g1 gc, windows-amd64)
GC Precious Log:
 CPUs: 8 total, 8 available
 Memory: 6092M
 Large Page Support: Disabled
 NUMA Support: Disabled
 Compressed Oops: Enabled (32-bit)
 Heap Region Size: 1M
 Heap Min Capacity: 8M
 Heap Initial Capacity: 96M
 Heap Max Capacity: 2G
 Pre-touch: Disabled
 Parallel Workers: 8
 Concurrent Workers: 2
 Concurrent Refinement Workers: 8
 Periodic GC: Disabled
Heap:
 garbage-first heap   total 199680K, used 146776K [0x0000000080000000, 0x0000000100000000)
  region size 1024K, 19 young (19456K), 5 survivors (5120K)
 Metaspace       used 92412K, committed 93184K, reserved 1130496K
  class space    used 12779K, committed 13120K, reserved 1048576K
GC Heap History (20 events):
Event: 17.311 GC heap before
{Heap before GC invocations=45 (full 0):
 garbage-first heap   total 178176K, used 121042K [0x0000000080000000, 0x0000000100000000)
  region size 1024K, 22 young (22528K), 3 survivors (3072K)
 Metaspace       used 72361K, committed 73088K, reserved 1114112K
  class space    used 10153K, committed 10496K, reserved 1048576K
}
Event: 17.314 GC heap after
{Heap after GC invocations=46 (full 0):
 garbage-first heap   total 178176K, used 99539K [0x0000000080000000, 0x0000000100000000)
  region size 1024K, 2 young (2048K), 2 survivors (2048K)
 Metaspace       used 72361K, committed 73088K, reserved 1114112K
  class space    used 10153K, committed 10496K, reserved 1048576K
}
Event: 17.808 GC heap before
{Heap before GC invocations=46 (full 0):
 garbage-first heap   total 178176K, used 130259K [0x0000000080000000, 0x0000000100000000)
  region size 1024K, 32 young (32768K), 2 survivors (2048K)
 Metaspace       used 75277K, committed 75968K, reserved 1114112K
  class space    used 10550K, committed 10880K, reserved 1048576K
}
Event: 17.814 GC heap after
{Heap after GC invocations=47 (full 0):
 garbage-first heap   total 178176K, used 101417K [0x0000000080000000, 0x0000000100000000)
  region size 1024K, 4 young (4096K), 4 survivors (4096K)
 Metaspace       used 75277K, committed 75968K, reserved 1114112K
  class space    used 10550K, committed 10880K, reserved 1048576K
}
Event: 18.695 GC heap before
{Heap before GC invocations=48 (full 0):
 garbage-first heap   total 178176K, used 132137K [0x0000000080000000, 0x0000000100000000)
  region size 1024K, 36 young (36864K), 4 survivors (4096K)
 Metaspace       used 79243K, committed 79936K, reserved 1122304K
  class space    used 11103K, committed 11456K, reserved 1048576K
}
Event: 18.701 GC heap after
{Heap after GC invocations=49 (full 0):
 garbage-first heap   total 178176K, used 100460K [0x0000000080000000, 0x0000000100000000)
  region size 1024K, 5 young (5120K), 5 survivors (5120K)
 Metaspace       used 79243K, committed 79936K, reserved 1122304K
  class space    used 11103K, committed 11456K, reserved 1048576K
}
Event: 20.349 GC heap before
{Heap before GC invocations=49 (full 0):
 garbage-first heap   total 178176K, used 136300K [0x0000000080000000, 0x0000000100000000)
  region size 1024K, 40 young (40960K), 5 survivors (5120K)
 Metaspace       used 82128K, committed 82880K, reserved 1122304K
  class space    used 11488K, committed 11840K, reserved 1048576K
}
Event: 20.357 GC heap after
{Heap after GC invocations=50 (full 0):
 garbage-first heap   total 178176K, used 103910K [0x0000000080000000, 0x0000000100000000)
  region size 1024K, 5 young (5120K), 5 survivors (5120K)
 Metaspace       used 82128K, committed 82880K, reserved 1122304K
  class space    used 11488K, committed 11840K, reserved 1048576K
}
Event: 21.140 GC heap before
{Heap before GC invocations=51 (full 0):
 garbage-first heap   total 178176K, used 143846K [0x0000000080000000, 0x0000000100000000)
  region size 1024K, 40 young (40960K), 5 survivors (5120K)
 Metaspace       used 86271K, committed 86976K, reserved 1130496K
  class space    used 12012K, committed 12352K, reserved 1048576K
}
Event: 21.145 GC heap after
{Heap after GC invocations=52 (full 0):
 garbage-first heap   total 178176K, used 111706K [0x0000000080000000, 0x0000000100000000)
  region size 1024K, 4 young (4096K), 4 survivors (4096K)
 Metaspace       used 86271K, committed 86976K, reserved 1130496K
  class space    used 12012K, committed 12352K, reserved 1048576K
}
Event: 21.169 GC heap before
{Heap before GC invocations=52 (full 0):
 garbage-first heap   total 178176K, used 114778K [0x0000000080000000, 0x0000000100000000)
  region size 1024K, 8 young (8192K), 4 survivors (4096K)
 Metaspace       used 86271K, committed 86976K, reserved 1130496K
  class space    used 12012K, committed 12352K, reserved 1048576K
}
Event: 21.174 GC heap after
{Heap after GC invocations=53 (full 0):
 garbage-first heap   total 178176K, used 114794K [0x0000000080000000, 0x0000000100000000)
  region size 1024K, 1 young (1024K), 1 survivors (1024K)
 Metaspace       used 86271K, committed 86976K, reserved 1130496K
  class space    used 12012K, committed 12352K, reserved 1048576K
}
Event: 21.799 GC heap before
{Heap before GC invocations=53 (full 0):
 garbage-first heap   total 178176K, used 142442K [0x0000000080000000, 0x0000000100000000)
  region size 1024K, 28 young (28672K), 1 survivors (1024K)
 Metaspace       used 91483K, committed 92224K, reserved 1130496K
  class space    used 12661K, committed 12992K, reserved 1048576K
}
Event: 21.803 GC heap after
{Heap after GC invocations=54 (full 0):
 garbage-first heap   total 178176K, used 115581K [0x0000000080000000, 0x0000000100000000)
  region size 1024K, 2 young (2048K), 2 survivors (2048K)
 Metaspace       used 91483K, committed 92224K, reserved 1130496K
  class space    used 12661K, committed 12992K, reserved 1048576K
}
Event: 22.085 GC heap before
{Heap before GC invocations=55 (full 0):
 garbage-first heap   total 199680K, used 150397K [0x0000000080000000, 0x0000000100000000)
  region size 1024K, 30 young (30720K), 2 survivors (2048K)
 Metaspace       used 92351K, committed 93184K, reserved 1130496K
  class space    used 12778K, committed 13120K, reserved 1048576K
}
Event: 22.097 GC heap after
{Heap after GC invocations=56 (full 0):
 garbage-first heap   total 199680K, used 131342K [0x0000000080000000, 0x0000000100000000)
  region size 1024K, 4 young (4096K), 4 survivors (4096K)
 Metaspace       used 92351K, committed 93184K, reserved 1130496K
  class space    used 12778K, committed 13120K, reserved 1048576K
}
Event: 22.147 GC heap before
{Heap before GC invocations=56 (full 0):
 garbage-first heap   total 199680K, used 136462K [0x0000000080000000, 0x0000000100000000)
  region size 1024K, 9 young (9216K), 4 survivors (4096K)
 Metaspace       used 92361K, committed 93184K, reserved 1130496K
  class space    used 12779K, committed 13120K, reserved 1048576K
}
Event: 22.153 GC heap after
{Heap after GC invocations=57 (full 0):
 garbage-first heap   total 199680K, used 126240K [0x0000000080000000, 0x0000000100000000)
  region size 1024K, 2 young (2048K), 2 survivors (2048K)
 Metaspace       used 92361K, committed 93184K, reserved 1130496K
  class space    used 12779K, committed 13120K, reserved 1048576K
}
Event: 22.324 GC heap before
{Heap before GC invocations=57 (full 0):
 garbage-first heap   total 199680K, used 159008K [0x0000000080000000, 0x0000000100000000)
  region size 1024K, 34 young (34816K), 2 survivors (2048K)
 Metaspace       used 92411K, committed 93184K, reserved 1130496K
  class space    used 12779K, committed 13120K, reserved 1048576K
}
Event: 22.335 GC heap after
{Heap after GC invocations=58 (full 0):
 garbage-first heap   total 199680K, used 136536K [0x0000000080000000, 0x0000000100000000)
  region size 1024K, 5 young (5120K), 5 survivors (5120K)
 Metaspace       used 92411K, committed 93184K, reserved 1130496K
  class space    used 12779K, committed 13120K, reserved 1048576K
}

