# JRE version: OpenJDK Runtime Environment (17.0.6) (build 17.0.6+0-b2043.56-10027231)
# Java VM: OpenJDK 64-Bit Server VM (17.0.6+0-b2043.56-10027231, mixed mode, tiered, compressed oops, compressed class ptrs, g1 gc, windows-amd64)
GC Precious Log:
 CPUs: 8 total, 8 available
 Memory: 6092M
 Large Page Support: Disabled
 NUMA Support: Disabled
 Compressed Oops: Enabled (32-bit)
 Heap Region Size: 1M
 Heap Min Capacity: 8M
 Heap Initial Capacity: 96M
 Heap Max Capacity: 1524M
 Pre-touch: Disabled
 Parallel Workers: 8
 Concurrent Workers: 2
 Concurrent Refinement Workers: 8
 Periodic GC: Disabled
Heap:
 garbage-first heap   total 63488K, used 21222K [0x00000000a0c00000, 0x0000000100000000)
  region size 1024K, 2 young (2048K), 2 survivors (2048K)
 Metaspace       used 44491K, committed 44672K, reserved 1089536K
  class space    used 5485K, committed 5568K, reserved 1048576K
GC Heap History (19 events):
Event: 0.705 GC heap before
{Heap before GC invocations=0 (full 0):
 garbage-first heap   total 98304K, used 27648K [0x00000000a0c00000, 0x0000000100000000)
  region size 1024K, 23 young (23552K), 0 survivors (0K)
 Metaspace       used 13366K, committed 13440K, reserved 1064960K
  class space    used 1292K, committed 1344K, reserved 1048576K
}
Event: 0.711 GC heap after
{Heap after GC invocations=1 (full 0):
 garbage-first heap   total 98304K, used 6771K [0x00000000a0c00000, 0x0000000100000000)
  region size 1024K, 3 young (3072K), 3 survivors (3072K)
 Metaspace       used 13366K, committed 13440K, reserved 1064960K
  class space    used 1292K, committed 1344K, reserved 1048576K
}
Event: 1.648 GC heap before
{Heap before GC invocations=1 (full 0):
 garbage-first heap   total 98304K, used 37491K [0x00000000a0c00000, 0x0000000100000000)
  region size 1024K, 34 young (34816K), 3 survivors (3072K)
 Metaspace       used 21352K, committed 21504K, reserved 1073152K
  class space    used 2325K, committed 2432K, reserved 1048576K
}
Event: 1.661 GC heap after
{Heap after GC invocations=2 (full 0):
 garbage-first heap   total 98304K, used 10440K [0x00000000a0c00000, 0x0000000100000000)
  region size 1024K, 4 young (4096K), 4 survivors (4096K)
 Metaspace       used 21352K, committed 21504K, reserved 1073152K
  class space    used 2325K, committed 2432K, reserved 1048576K
}
Event: 2.147 GC heap before
{Heap before GC invocations=3 (full 0):
 garbage-first heap   total 37888K, used 28872K [0x00000000a0c00000, 0x0000000100000000)
  region size 1024K, 22 young (22528K), 4 survivors (4096K)
 Metaspace       used 27125K, committed 27328K, reserved 1073152K
  class space    used 3140K, committed 3200K, reserved 1048576K
}
Event: 2.156 GC heap after
{Heap after GC invocations=4 (full 0):
 garbage-first heap   total 37888K, used 11100K [0x00000000a0c00000, 0x0000000100000000)
  region size 1024K, 1 young (1024K), 1 survivors (1024K)
 Metaspace       used 27125K, committed 27328K, reserved 1073152K
  class space    used 3140K, committed 3200K, reserved 1048576K
}
Event: 2.193 GC heap before
{Heap before GC invocations=4 (full 0):
 garbage-first heap   total 37888K, used 12124K [0x00000000a0c00000, 0x0000000100000000)
  region size 1024K, 2 young (2048K), 1 survivors (1024K)
 Metaspace       used 27650K, committed 27840K, reserved 1081344K
  class space    used 3311K, committed 3392K, reserved 1048576K
}
Event: 2.197 GC heap after
{Heap after GC invocations=5 (full 0):
 garbage-first heap   total 37888K, used 11543K [0x00000000a0c00000, 0x0000000100000000)
  region size 1024K, 1 young (1024K), 1 survivors (1024K)
 Metaspace       used 27650K, committed 27840K, reserved 1081344K
  class space    used 3311K, committed 3392K, reserved 1048576K
}
Event: 2.521 GC heap before
{Heap before GC invocations=5 (full 0):
 garbage-first heap   total 37888K, used 30999K [0x00000000a0c00000, 0x0000000100000000)
  region size 1024K, 18 young (18432K), 1 survivors (1024K)
 Metaspace       used 29908K, committed 30016K, reserved 1081344K
  class space    used 3846K, committed 3904K, reserved 1048576K
}
Event: 2.529 GC heap after
{Heap after GC invocations=6 (full 0):
 garbage-first heap   total 37888K, used 17576K [0x00000000a0c00000, 0x0000000100000000)
  region size 1024K, 3 young (3072K), 3 survivors (3072K)
 Metaspace       used 29908K, committed 30016K, reserved 1081344K
  class space    used 3846K, committed 3904K, reserved 1048576K
}
Event: 2.681 GC heap before
{Heap before GC invocations=6 (full 0):
 garbage-first heap   total 37888K, used 26792K [0x00000000a0c00000, 0x0000000100000000)
  region size 1024K, 13 young (13312K), 3 survivors (3072K)
 Metaspace       used 33042K, committed 33280K, reserved 1081344K
  class space    used 4225K, committed 4352K, reserved 1048576K
}
Event: 2.687 GC heap after
{Heap after GC invocations=7 (full 0):
 garbage-first heap   total 51200K, used 18517K [0x00000000a0c00000, 0x0000000100000000)
  region size 1024K, 1 young (1024K), 1 survivors (1024K)
 Metaspace       used 33042K, committed 33280K, reserved 1081344K
  class space    used 4225K, committed 4352K, reserved 1048576K
}
Event: 2.951 GC heap before
{Heap before GC invocations=7 (full 0):
 garbage-first heap   total 51200K, used 32853K [0x00000000a0c00000, 0x0000000100000000)
  region size 1024K, 16 young (16384K), 1 survivors (1024K)
 Metaspace       used 35851K, committed 36096K, reserved 1081344K
  class space    used 4528K, committed 4672K, reserved 1048576K
}
Event: 2.958 GC heap after
{Heap after GC invocations=8 (full 0):
 garbage-first heap   total 51200K, used 18239K [0x00000000a0c00000, 0x0000000100000000)
  region size 1024K, 3 young (3072K), 3 survivors (3072K)
 Metaspace       used 35851K, committed 36096K, reserved 1081344K
  class space    used 4528K, committed 4672K, reserved 1048576K
}
Event: 3.430 GC heap before
{Heap before GC invocations=9 (full 0):
 garbage-first heap   total 51200K, used 35647K [0x00000000a0c00000, 0x0000000100000000)
  region size 1024K, 21 young (21504K), 3 survivors (3072K)
 Metaspace       used 39555K, committed 39808K, reserved 1089536K
  class space    used 4861K, committed 4992K, reserved 1048576K
}
Event: 3.436 GC heap after
{Heap after GC invocations=10 (full 0):
 garbage-first heap   total 51200K, used 20541K [0x00000000a0c00000, 0x0000000100000000)
  region size 1024K, 3 young (3072K), 3 survivors (3072K)
 Metaspace       used 39555K, committed 39808K, reserved 1089536K
  class space    used 4861K, committed 4992K, reserved 1048576K
}
Event: 3.446 GC heap before
{Heap before GC invocations=10 (full 0):
 garbage-first heap   total 51200K, used 21565K [0x00000000a0c00000, 0x0000000100000000)
  region size 1024K, 4 young (4096K), 3 survivors (3072K)
 Metaspace       used 39562K, committed 39808K, reserved 1089536K
  class space    used 4861K, committed 4992K, reserved 1048576K
}
Event: 3.450 GC heap after
{Heap after GC invocations=11 (full 0):
 garbage-first heap   total 51200K, used 19778K [0x00000000a0c00000, 0x0000000100000000)
  region size 1024K, 1 young (1024K), 1 survivors (1024K)
 Metaspace       used 39562K, committed 39808K, reserved 1089536K
  class space    used 4861K, committed 4992K, reserved 1048576K
}
Event: 4.177 GC heap before
{Heap before GC invocations=11 (full 0):
 garbage-first heap   total 51200K, used 37186K [0x00000000a0c00000, 0x0000000100000000)
  region size 1024K, 19 young (19456K), 1 survivors (1024K)
 Metaspace       used 44491K, committed 44672K, reserved 1089536K
  class space    used 5485K, committed 5568K, reserved 1048576K
}

